# JRE version: OpenJDK Runtime Environment (21.0.5) (build 21.0.5+-12932927-b750.29)
# Java VM: OpenJDK 64-Bit Server VM (21.0.5+-12932927-b750.29, mixed mode, tiered, compressed oops, compressed class ptrs, g1 gc, windows-amd64)
GC Precious Log:
 CardTable entry size: 512
 Card Set container configuration: InlinePtr #cards 5 size 8 Array Of Cards #cards 12 size 40 Howl #buckets 4 coarsen threshold 1843 Howl Bitmap #cards 512 size 80 coarsen threshold 460 Card regions per heap region 1 cards per card region 2048
 CPUs: 4 total, 4 available
 Memory: 6059M
 Large Page Support: Disabled
 NUMA Support: Disabled
 Compressed Oops: Enabled (32-bit)
 Heap Region Size: 1M
 Heap Min Capacity: 8M
 Heap Initial Capacity: 96M
 Heap Max Capacity: 2G
 Pre-touch: Disabled
 Parallel Workers: 4
 Concurrent Workers: 1
 Concurrent Refinement Workers: 4
 Periodic GC: Disabled
Heap:
 garbage-first heap   total 355328K, used 233353K [0x0000000080000000, 0x0000000100000000)
  region size 1024K, 10 young (10240K), 3 survivors (3072K)
 Metaspace       used 134825K, committed 137088K, reserved 1179648K
  class space    used 17552K, committed 18688K, reserved 1048576K
GC Heap History (20 events):
Event: 97.643 GC heap before
{Heap before GC invocations=60 (full 0):
 garbage-first heap   total 256000K, used 180399K [0x0000000080000000, 0x0000000100000000)
  region size 1024K, 31 young (31744K), 4 survivors (4096K)
 Metaspace       used 120483K, committed 122624K, reserved 1179648K
  class space    used 16143K, committed 17216K, reserved 1048576K
}
Event: 97.656 GC heap after
{Heap after GC invocations=61 (full 0):
 garbage-first heap   total 256000K, used 157145K [0x0000000080000000, 0x0000000100000000)
  region size 1024K, 4 young (4096K), 4 survivors (4096K)
 Metaspace       used 120483K, committed 122624K, reserved 1179648K
  class space    used 16143K, committed 17216K, reserved 1048576K
}
Event: 104.271 GC heap before
{Heap before GC invocations=61 (full 0):
 garbage-first heap   total 256000K, used 252377K [0x0000000080000000, 0x0000000100000000)
  region size 1024K, 66 young (67584K), 4 survivors (4096K)
 Metaspace       used 122920K, committed 125184K, reserved 1179648K
  class space    used 16412K, committed 17536K, reserved 1048576K
}
Event: 104.292 GC heap after
{Heap after GC invocations=62 (full 0):
 garbage-first heap   total 264192K, used 159431K [0x0000000080000000, 0x0000000100000000)
  region size 1024K, 8 young (8192K), 8 survivors (8192K)
 Metaspace       used 122920K, committed 125184K, reserved 1179648K
  class space    used 16412K, committed 17536K, reserved 1048576K
}
Event: 112.845 GC heap before
{Heap before GC invocations=62 (full 0):
 garbage-first heap   total 264192K, used 221895K [0x0000000080000000, 0x0000000100000000)
  region size 1024K, 70 young (71680K), 8 survivors (8192K)
 Metaspace       used 123016K, committed 125248K, reserved 1179648K
  class space    used 16420K, committed 17536K, reserved 1048576K
}
Event: 112.863 GC heap after
{Heap after GC invocations=63 (full 0):
 garbage-first heap   total 264192K, used 163277K [0x0000000080000000, 0x0000000100000000)
  region size 1024K, 6 young (6144K), 6 survivors (6144K)
 Metaspace       used 123016K, committed 125248K, reserved 1179648K
  class space    used 16420K, committed 17536K, reserved 1048576K
}
Event: 119.161 GC heap before
{Heap before GC invocations=63 (full 0):
 garbage-first heap   total 264192K, used 227789K [0x0000000080000000, 0x0000000100000000)
  region size 1024K, 70 young (71680K), 6 survivors (6144K)
 Metaspace       used 123987K, committed 126272K, reserved 1179648K
  class space    used 16531K, committed 17664K, reserved 1048576K
}
Event: 119.177 GC heap after
{Heap after GC invocations=64 (full 0):
 garbage-first heap   total 264192K, used 167578K [0x0000000080000000, 0x0000000100000000)
  region size 1024K, 7 young (7168K), 7 survivors (7168K)
 Metaspace       used 123987K, committed 126272K, reserved 1179648K
  class space    used 16531K, committed 17664K, reserved 1048576K
}
Event: 144.575 GC heap before
{Heap before GC invocations=65 (full 0):
 garbage-first heap   total 264192K, used 215706K [0x0000000080000000, 0x0000000100000000)
  region size 1024K, 74 young (75776K), 7 survivors (7168K)
 Metaspace       used 124199K, committed 126400K, reserved 1179648K
  class space    used 16560K, committed 17664K, reserved 1048576K
}
Event: 144.596 GC heap after
{Heap after GC invocations=66 (full 0):
 garbage-first heap   total 264192K, used 150715K [0x0000000080000000, 0x0000000100000000)
  region size 1024K, 5 young (5120K), 5 survivors (5120K)
 Metaspace       used 124199K, committed 126400K, reserved 1179648K
  class space    used 16560K, committed 17664K, reserved 1048576K
}
Event: 171.318 GC heap before
{Heap before GC invocations=66 (full 0):
 garbage-first heap   total 264192K, used 234683K [0x0000000080000000, 0x0000000100000000)
  region size 1024K, 88 young (90112K), 5 survivors (5120K)
 Metaspace       used 124689K, committed 126976K, reserved 1179648K
  class space    used 16596K, committed 17728K, reserved 1048576K
}
Event: 171.383 GC heap after
{Heap after GC invocations=67 (full 0):
 garbage-first heap   total 264192K, used 141634K [0x0000000080000000, 0x0000000100000000)
  region size 1024K, 10 young (10240K), 10 survivors (10240K)
 Metaspace       used 124689K, committed 126976K, reserved 1179648K
  class space    used 16596K, committed 17728K, reserved 1048576K
}
Event: 179.844 GC heap before
{Heap before GC invocations=67 (full 0):
 garbage-first heap   total 264192K, used 186690K [0x0000000080000000, 0x0000000100000000)
  region size 1024K, 56 young (57344K), 10 survivors (10240K)
 Metaspace       used 126533K, committed 128832K, reserved 1179648K
  class space    used 16828K, committed 17984K, reserved 1048576K
}
Event: 179.892 GC heap after
{Heap after GC invocations=68 (full 0):
 garbage-first heap   total 264192K, used 143947K [0x0000000080000000, 0x0000000100000000)
  region size 1024K, 9 young (9216K), 9 survivors (9216K)
 Metaspace       used 126533K, committed 128832K, reserved 1179648K
  class space    used 16828K, committed 17984K, reserved 1048576K
}
Event: 222.121 GC heap before
{Heap before GC invocations=69 (full 0):
 garbage-first heap   total 355328K, used 302667K [0x0000000080000000, 0x0000000100000000)
  region size 1024K, 98 young (100352K), 9 survivors (9216K)
 Metaspace       used 132868K, committed 135104K, reserved 1179648K
  class space    used 17416K, committed 18560K, reserved 1048576K
}
Event: 222.375 GC heap after
{Heap after GC invocations=70 (full 0):
 garbage-first heap   total 355328K, used 143936K [0x0000000080000000, 0x0000000100000000)
  region size 1024K, 7 young (7168K), 7 survivors (7168K)
 Metaspace       used 132868K, committed 135104K, reserved 1179648K
  class space    used 17416K, committed 18560K, reserved 1048576K
}
Event: 297.639 GC heap before
{Heap before GC invocations=70 (full 0):
 garbage-first heap   total 355328K, used 320064K [0x0000000080000000, 0x0000000100000000)
  region size 1024K, 180 young (184320K), 7 survivors (7168K)
 Metaspace       used 134774K, committed 137024K, reserved 1179648K
  class space    used 17552K, committed 18688K, reserved 1048576K
}
Event: 298.483 GC heap after
{Heap after GC invocations=71 (full 0):
 garbage-first heap   total 355328K, used 156377K [0x0000000080000000, 0x0000000100000000)
  region size 1024K, 23 young (23552K), 23 survivors (23552K)
 Metaspace       used 134774K, committed 137024K, reserved 1179648K
  class space    used 17552K, committed 18688K, reserved 1048576K
}
Event: 300.026 GC heap before
{Heap before GC invocations=71 (full 0):
 garbage-first heap   total 355328K, used 163545K [0x0000000080000000, 0x0000000100000000)
  region size 1024K, 32 young (32768K), 23 survivors (23552K)
 Metaspace       used 134803K, committed 137088K, reserved 1179648K
  class space    used 17552K, committed 18688K, reserved 1048576K
}
Event: 300.143 GC heap after
{Heap after GC invocations=72 (full 0):
 garbage-first heap   total 355328K, used 158601K [0x0000000080000000, 0x0000000100000000)
  region size 1024K, 3 young (3072K), 3 survivors (3072K)
 Metaspace       used 134803K, committed 137088K, reserved 1179648K
  class space    used 17552K, committed 18688K, reserved 1048576K
}

